c:\users\zxy20\source\repos\physicalmemoryoperation\physicalmemoryoperation\x64\release\vc140.pdb
c:\users\zxy20\source\repos\physicalmemoryoperation\physicalmemoryoperation\x64\release\main.obj
c:\users\zxy20\source\repos\physicalmemoryoperation\x64\release\physicalmemoryoperation.sys
c:\users\zxy20\source\repos\physicalmemoryoperation\x64\release\physicalmemoryoperation.pdb
c:\users\zxy20\source\repos\physicalmemoryoperation\physicalmemoryoperation\x64\release\physicalmemoryoperation.inf
c:\users\zxy20\source\repos\physicalmemoryoperation\x64\release\physicalmemoryoperation.cer
c:\users\zxy20\source\repos\physicalmemoryoperation\x64\release\physicalmemoryoperation.inf
c:\users\zxy20\source\repos\physicalmemoryoperation\physicalmemoryoperation\x64\release\physical.b9212122.tlog\cl.command.1.tlog
c:\users\zxy20\source\repos\physicalmemoryoperation\physicalmemoryoperation\x64\release\physical.b9212122.tlog\cl.read.1.tlog
c:\users\zxy20\source\repos\physicalmemoryoperation\physicalmemoryoperation\x64\release\physical.b9212122.tlog\cl.write.1.tlog
c:\users\zxy20\source\repos\physicalmemoryoperation\physicalmemoryoperation\x64\release\physical.b9212122.tlog\link.command.1.tlog
c:\users\zxy20\source\repos\physicalmemoryoperation\physicalmemoryoperation\x64\release\physical.b9212122.tlog\link.read.1.tlog
c:\users\zxy20\source\repos\physicalmemoryoperation\physicalmemoryoperation\x64\release\physical.b9212122.tlog\link.write.1.tlog
c:\users\zxy20\source\repos\physicalmemoryoperation\physicalmemoryoperation\x64\release\physical.b9212122.tlog\signtool.command.1.tlog
c:\users\zxy20\source\repos\physicalmemoryoperation\physicalmemoryoperation\x64\release\physical.b9212122.tlog\signtool.read.1.tlog
c:\users\zxy20\source\repos\physicalmemoryoperation\physicalmemoryoperation\x64\release\physical.b9212122.tlog\signtool.timestamp.1.tlog
c:\users\zxy20\source\repos\physicalmemoryoperation\physicalmemoryoperation\x64\release\physical.b9212122.tlog\signtool.write.1.tlog
c:\users\zxy20\source\repos\physicalmemoryoperation\physicalmemoryoperation\x64\release\physical.b9212122.tlog\stampinf.command.1.tlog
c:\users\zxy20\source\repos\physicalmemoryoperation\physicalmemoryoperation\x64\release\physical.b9212122.tlog\stampinf.read.1.tlog
c:\users\zxy20\source\repos\physicalmemoryoperation\physicalmemoryoperation\x64\release\physical.b9212122.tlog\stampinf.write.1.tlog
